0 info it worked if it ends with ok
1 verbose cli [ '/usr/local/Cellar/node/5.9.1/bin/node',
1 verbose cli   '/usr/local/bin/npm',
1 verbose cli   'publish',
1 verbose cli   './' ]
2 info using npm@3.9.6
3 info using node@v5.9.1
4 verbose publish [ './' ]
5 silly cache add args [ './', null ]
6 verbose cache add spec ./
7 silly cache add parsed spec Result {
7 silly cache add   raw: './',
7 silly cache add   scope: null,
7 silly cache add   name: null,
7 silly cache add   rawSpec: './',
7 silly cache add   spec: '/Users/owner/projects/hexo/hexo-tag-htmlTag',
7 silly cache add   type: 'directory' }
8 verbose addLocalDirectory /Users/owner/.npm/hexo-tag-htmltag/1.0.1/package.tgz not in flight; packing
9 verbose correctMkdir /Users/owner/.npm correctMkdir not in flight; initializing
10 info lifecycle hexo-tag-htmltag@1.0.1~prepublish: hexo-tag-htmltag@1.0.1
11 silly lifecycle hexo-tag-htmltag@1.0.1~prepublish: no script for prepublish, continuing
12 verbose tar pack [ '/Users/owner/.npm/hexo-tag-htmltag/1.0.1/package.tgz',
12 verbose tar pack   '/Users/owner/projects/hexo/hexo-tag-htmlTag' ]
13 verbose tarball /Users/owner/.npm/hexo-tag-htmltag/1.0.1/package.tgz
14 verbose folder /Users/owner/projects/hexo/hexo-tag-htmlTag
15 verbose addLocalTarball adding from inside cache /Users/owner/.npm/hexo-tag-htmltag/1.0.1/package.tgz
16 verbose correctMkdir /Users/owner/.npm correctMkdir not in flight; initializing
17 silly cache afterAdd hexo-tag-htmltag@1.0.1
18 verbose afterAdd /Users/owner/.npm/hexo-tag-htmltag/1.0.1/package/package.json not in flight; writing
19 verbose correctMkdir /Users/owner/.npm correctMkdir not in flight; initializing
20 verbose afterAdd /Users/owner/.npm/hexo-tag-htmltag/1.0.1/package/package.json written
21 silly publish { name: 'hexo-tag-htmltag',
21 silly publish   version: '1.0.1',
21 silly publish   description: 'A Hexo tag for inserting arbitrary html tags (with attributes) into posts.',
21 silly publish   main: 'index.js',
21 silly publish   repository:
21 silly publish    { type: 'git',
21 silly publish      url: 'git+https://github.com/seangravener/hexo-tag-htmlTag.git' },
21 silly publish   keywords: [ 'hexo' ],
21 silly publish   author:
21 silly publish    { name: 'Sean Gravener',
21 silly publish      email: 'sean@gravener.net',
21 silly publish      url: 'https://twitter.com/seangravener' },
21 silly publish   license: 'MIT',
21 silly publish   bugs: { url: 'https://github.com/seangravener/hexo-tag-htmlTag/issues' },
21 silly publish   homepage: 'https://github.com/seangravener/hexo-tag-htmlTag#readme',
21 silly publish   readme: '# hexo-tag-htmltag\n\nA Hexo tag for inserting arbitrary html tags (with attributes) into posts.\n\n## Installation\n```\nnpm install hexo-tag-htmltag --save\n```\n\n## Use\n__Basic__\n```\n{% htmlTag span class="highlight text" %} Something important {% endhtmlTag %}\n// -> <span class="highlight text">Something important</span>\n```\n\n__Multiple Attributes__\n```\n{% htmlTag button type="button" required data-action="add" aria-controls="calc"%} Add 10 {% endhtmlTag %}\n// -> <button type="button" required data-action="add" aria-controls="calc">Add 10</button>\n```\n\n## License\nMIT\n',
21 silly publish   readmeFilename: 'README.md',
21 silly publish   gitHead: '6bb186563780eec0e9d56b917ee989bc2817c9e9',
21 silly publish   _id: 'hexo-tag-htmltag@1.0.1',
21 silly publish   scripts: {},
21 silly publish   _shasum: '3c8ec2f351f4db6f9cbf7528572a0e235ab5c37e',
21 silly publish   _from: '.' }
22 verbose getPublishConfig undefined
23 silly mapToRegistry name hexo-tag-htmltag
24 silly mapToRegistry using default registry
25 silly mapToRegistry registry https://registry.npmjs.org/
26 silly mapToRegistry data Result {
26 silly mapToRegistry   raw: 'hexo-tag-htmltag',
26 silly mapToRegistry   scope: null,
26 silly mapToRegistry   name: 'hexo-tag-htmltag',
26 silly mapToRegistry   rawSpec: '',
26 silly mapToRegistry   spec: 'latest',
26 silly mapToRegistry   type: 'tag' }
27 silly mapToRegistry uri https://registry.npmjs.org/hexo-tag-htmltag
28 verbose publish registryBase https://registry.npmjs.org/
29 silly publish uploading /Users/owner/.npm/hexo-tag-htmltag/1.0.1/package.tgz
30 verbose request uri https://registry.npmjs.org/hexo-tag-htmltag
31 verbose request sending authorization for write operation
32 info attempt registry request try #1 at 9:05:55 PM
33 verbose request using bearer token for auth
34 verbose request id c8a02e2bc7a6b51c
35 http request PUT https://registry.npmjs.org/hexo-tag-htmltag
36 http 403 https://registry.npmjs.org/hexo-tag-htmltag
37 verbose headers { 'content-type': 'application/json',
37 verbose headers   'cache-control': 'max-age=300',
37 verbose headers   'content-length': '95',
37 verbose headers   'accept-ranges': 'bytes',
37 verbose headers   date: 'Tue, 04 Oct 2016 01:05:55 GMT',
37 verbose headers   via: '1.1 varnish',
37 verbose headers   connection: 'keep-alive',
37 verbose headers   'x-served-by': 'cache-iad2130-IAD',
37 verbose headers   'x-cache': 'MISS',
37 verbose headers   'x-cache-hits': '0',
37 verbose headers   'x-timer': 'S1475543154.901197,VS0,VE1082',
37 verbose headers   vary: 'Accept-Encoding' }
38 verbose request invalidating /Users/owner/.npm/registry.npmjs.org/hexo-tag-htmltag on PUT
39 error publish Failed PUT 403
40 verbose stack Error: "You cannot publish over the previously published version 1.0.1." : hexo-tag-htmltag
40 verbose stack     at makeError (/usr/local/lib/node_modules/npm/node_modules/npm-registry-client/lib/request.js:264:12)
40 verbose stack     at CachingRegistryClient.<anonymous> (/usr/local/lib/node_modules/npm/node_modules/npm-registry-client/lib/request.js:252:14)
40 verbose stack     at Request._callback (/usr/local/lib/node_modules/npm/node_modules/npm-registry-client/lib/request.js:172:14)
40 verbose stack     at Request.self.callback (/usr/local/lib/node_modules/npm/node_modules/request/request.js:200:22)
40 verbose stack     at emitTwo (events.js:100:13)
40 verbose stack     at Request.emit (events.js:185:7)
40 verbose stack     at Request.<anonymous> (/usr/local/lib/node_modules/npm/node_modules/request/request.js:1067:10)
40 verbose stack     at emitOne (events.js:95:20)
40 verbose stack     at Request.emit (events.js:182:7)
40 verbose stack     at IncomingMessage.<anonymous> (/usr/local/lib/node_modules/npm/node_modules/request/request.js:988:12)
41 verbose statusCode 403
42 verbose pkgid hexo-tag-htmltag
43 verbose cwd /Users/owner/projects/hexo/hexo-tag-htmlTag
44 error Darwin 16.0.0
45 error argv "/usr/local/Cellar/node/5.9.1/bin/node" "/usr/local/bin/npm" "publish" "./"
46 error node v5.9.1
47 error npm  v3.9.6
48 error code E403
49 error "You cannot publish over the previously published version 1.0.1." : hexo-tag-htmltag
50 error If you need help, you may report this error at:
50 error     <https://github.com/npm/npm/issues>
51 verbose exit [ 1, true ]
